<?xml version="1.0" encoding="UTF-8"?>
<testsuite name="com.gicheol.book.springboot.domain.posts.PostsRepositoryTest" tests="2" skipped="0" failures="0" errors="0" timestamp="2020-11-18T13:03:17" hostname="Mac-mini.local" time="0.04">
  <properties/>
  <testcase name="getBoardView" classname="com.gicheol.book.springboot.domain.posts.PostsRepositoryTest" time="0.026"/>
  <testcase name="BaseTimeEntity_insert" classname="com.gicheol.book.springboot.domain.posts.PostsRepositoryTest" time="0.013"/>
  <system-out><![CDATA[2020-11-18 22:03:15.612  INFO 3016 --- [    Test worker] .b.t.c.SpringBootTestContextBootstrapper : Neither @ContextConfiguration nor @ContextHierarchy found for test class [com.gicheol.book.springboot.domain.posts.PostsRepositoryTest], using SpringBootContextLoader
2020-11-18 22:03:15.613  INFO 3016 --- [    Test worker] o.s.t.c.support.AbstractContextLoader    : Could not detect default resource locations for test class [com.gicheol.book.springboot.domain.posts.PostsRepositoryTest]: no resource found for suffixes {-context.xml, Context.groovy}.
2020-11-18 22:03:15.614  INFO 3016 --- [    Test worker] t.c.s.AnnotationConfigContextLoaderUtils : Could not detect default configuration classes for test class [com.gicheol.book.springboot.domain.posts.PostsRepositoryTest]: PostsRepositoryTest does not declare any static, non-private, non-final, nested classes annotated with @Configuration.
2020-11-18 22:03:15.625  INFO 3016 --- [    Test worker] .b.t.c.SpringBootTestContextBootstrapper : Found @SpringBootConfiguration com.gicheol.book.springboot.Application for test class com.gicheol.book.springboot.domain.posts.PostsRepositoryTest
2020-11-18 22:03:15.627  INFO 3016 --- [    Test worker] .b.t.c.SpringBootTestContextBootstrapper : Loaded default TestExecutionListener class names from location [META-INF/spring.factories]: [org.springframework.security.test.context.support.WithSecurityContextTestExecutionListener, org.springframework.security.test.context.support.ReactorContextTestExecutionListener, org.springframework.boot.test.autoconfigure.restdocs.RestDocsTestExecutionListener, org.springframework.boot.test.autoconfigure.web.client.MockRestServiceServerResetTestExecutionListener, org.springframework.boot.test.autoconfigure.web.servlet.MockMvcPrintOnlyOnFailureTestExecutionListener, org.springframework.boot.test.autoconfigure.web.servlet.WebDriverTestExecutionListener, org.springframework.boot.test.mock.mockito.MockitoTestExecutionListener, org.springframework.boot.test.mock.mockito.ResetMocksTestExecutionListener, org.springframework.test.context.web.ServletTestExecutionListener, org.springframework.test.context.support.DirtiesContextBeforeModesTestExecutionListener, org.springframework.test.context.support.DependencyInjectionTestExecutionListener, org.springframework.test.context.support.DirtiesContextTestExecutionListener, org.springframework.test.context.transaction.TransactionalTestExecutionListener, org.springframework.test.context.jdbc.SqlScriptsTestExecutionListener]
2020-11-18 22:03:15.629  INFO 3016 --- [    Test worker] .b.t.c.SpringBootTestContextBootstrapper : Using TestExecutionListeners: [org.springframework.test.context.web.ServletTestExecutionListener@179880c8, org.springframework.test.context.support.DirtiesContextBeforeModesTestExecutionListener@1f3879ea, org.springframework.boot.test.mock.mockito.MockitoTestExecutionListener@6a05f4fc, org.springframework.boot.test.autoconfigure.SpringBootDependencyInjectionTestExecutionListener@210dad9c, org.springframework.test.context.support.DirtiesContextTestExecutionListener@7240f7b5, org.springframework.test.context.transaction.TransactionalTestExecutionListener@2eeb373e, org.springframework.test.context.jdbc.SqlScriptsTestExecutionListener@6b8c940b, org.springframework.security.test.context.support.WithSecurityContextTestExecutionListener@27a1b5ab, org.springframework.security.test.context.support.ReactorContextTestExecutionListener@52a913b5, org.springframework.boot.test.autoconfigure.restdocs.RestDocsTestExecutionListener@250c9c19, org.springframework.boot.test.autoconfigure.web.client.MockRestServiceServerResetTestExecutionListener@2a2f787f, org.springframework.boot.test.autoconfigure.web.servlet.MockMvcPrintOnlyOnFailureTestExecutionListener@99c7c, org.springframework.boot.test.autoconfigure.web.servlet.WebDriverTestExecutionListener@1aa71373, org.springframework.boot.test.mock.mockito.ResetMocksTestExecutionListener@5b0ab86a]

  .   ____          _            __ _ _
 /\\ / ___'_ __ _ _(_)_ __  __ _ \ \ \ \
( ( )\___ | '_ | '_| | '_ \/ _` | \ \ \ \
 \\/  ___)| |_)| | | | | || (_| |  ) ) ) )
  '  |____| .__|_| |_|_| |_\__, | / / / /
 =========|_|==============|___/=/_/_/_/
 :: Spring Boot ::        (v2.1.7.RELEASE)

2020-11-18 22:03:15.655  INFO 3016 --- [    Test worker] c.g.b.s.d.posts.PostsRepositoryTest      : Starting PostsRepositoryTest on Mac-mini.local with PID 3016 (started by ekkkk1 in /Users/ekkkk1/tools/AlgorithmDataStructure/commit/springboot_aws_webService)
2020-11-18 22:03:15.655  INFO 3016 --- [    Test worker] c.g.b.s.d.posts.PostsRepositoryTest      : No active profile set, falling back to default profiles: default
2020-11-18 22:03:15.907  INFO 3016 --- [    Test worker] .s.d.r.c.RepositoryConfigurationDelegate : Bootstrapping Spring Data repositories in DEFAULT mode.
2020-11-18 22:03:15.931  INFO 3016 --- [    Test worker] .s.d.r.c.RepositoryConfigurationDelegate : Finished Spring Data repository scanning in 23ms. Found 2 repository interfaces.
2020-11-18 22:03:16.053  INFO 3016 --- [    Test worker] trationDelegate$BeanPostProcessorChecker : Bean 'org.springframework.transaction.annotation.ProxyTransactionManagementConfiguration' of type [org.springframework.transaction.annotation.ProxyTransactionManagementConfiguration$$EnhancerBySpringCGLIB$$a1bd6e35] is not eligible for getting processed by all BeanPostProcessors (for example: not eligible for auto-proxying)
2020-11-18 22:03:16.143  INFO 3016 --- [    Test worker] com.zaxxer.hikari.HikariDataSource       : HikariPool-2 - Starting...
2020-11-18 22:03:16.144  INFO 3016 --- [    Test worker] com.zaxxer.hikari.HikariDataSource       : HikariPool-2 - Start completed.
2020-11-18 22:03:16.172  INFO 3016 --- [    Test worker] o.hibernate.jpa.internal.util.LogHelper  : HHH000204: Processing PersistenceUnitInfo [
	name: default
	...]
2020-11-18 22:03:16.180  INFO 3016 --- [    Test worker] org.hibernate.dialect.Dialect            : HHH000400: Using dialect: org.hibernate.dialect.MySQL5InnoDBDialect
Hibernate: drop table if exists posts
Hibernate: drop table if exists user
Hibernate: create table posts (id bigint not null auto_increment, create_date datetime, modified_date datetime, author varchar(255), content TEXT not null, title varchar(500) not null, primary key (id)) engine=InnoDB
Hibernate: create table user (id bigint not null auto_increment, create_date datetime, modified_date datetime, email varchar(255) not null, name varchar(255) not null, picture varchar(255), role varchar(255) not null, primary key (id)) engine=InnoDB
2020-11-18 22:03:16.239  INFO 3016 --- [    Test worker] o.h.t.schema.internal.SchemaCreatorImpl  : HHH000476: Executing import script 'org.hibernate.tool.schema.internal.exec.ScriptSourceInputNonExistentImpl@1e6eebfb'
2020-11-18 22:03:16.239  INFO 3016 --- [    Test worker] j.LocalContainerEntityManagerFactoryBean : Initialized JPA EntityManagerFactory for persistence unit 'default'
2020-11-18 22:03:16.457  INFO 3016 --- [    Test worker] o.h.h.i.QueryTranslatorFactoryInitiator  : HHH000397: Using ASTQueryTranslatorFactory
2020-11-18 22:03:16.617  INFO 3016 --- [    Test worker] o.s.s.web.DefaultSecurityFilterChain     : Creating filter chain: any request, [org.springframework.security.web.context.request.async.WebAsyncManagerIntegrationFilter@65b6f14b, org.springframework.security.web.context.SecurityContextPersistenceFilter@66a37e1d, org.springframework.security.web.header.HeaderWriterFilter@52ace0b1, org.springframework.security.web.authentication.logout.LogoutFilter@3eed0259, org.springframework.security.oauth2.client.web.OAuth2AuthorizationRequestRedirectFilter@758c7d23, org.springframework.security.oauth2.client.web.OAuth2LoginAuthenticationFilter@3573e789, org.springframework.security.web.authentication.ui.DefaultLoginPageGeneratingFilter@43c3cfaa, org.springframework.security.web.authentication.ui.DefaultLogoutPageGeneratingFilter@50334a0a, org.springframework.security.web.savedrequest.RequestCacheAwareFilter@409c5651, org.springframework.security.web.servletapi.SecurityContextHolderAwareRequestFilter@75009f9b, org.springframework.security.web.authentication.AnonymousAuthenticationFilter@46c0504a, org.springframework.security.web.session.SessionManagementFilter@552c7b3a, org.springframework.security.web.access.ExceptionTranslationFilter@6b415a5, org.springframework.security.web.access.intercept.FilterSecurityInterceptor@6d0b0770]
2020-11-18 22:03:16.931  INFO 3016 --- [    Test worker] o.s.s.concurrent.ThreadPoolTaskExecutor  : Initializing ExecutorService 'applicationTaskExecutor'
2020-11-18 22:03:16.946  WARN 3016 --- [    Test worker] aWebConfiguration$JpaWebMvcConfiguration : spring.jpa.open-in-view is enabled by default. Therefore, database queries may be performed during view rendering. Explicitly configure spring.jpa.open-in-view to disable this warning
2020-11-18 22:03:16.976  INFO 3016 --- [    Test worker] o.s.b.a.w.s.WelcomePageHandlerMapping    : Adding welcome page template: index
2020-11-18 22:03:17.384  INFO 3016 --- [    Test worker] s.a.ScheduledAnnotationBeanPostProcessor : No TaskScheduler/ScheduledExecutorService bean found for scheduled processing
2020-11-18 22:03:17.386  INFO 3016 --- [    Test worker] c.g.b.s.d.posts.PostsRepositoryTest      : Started PostsRepositoryTest in 1.754 seconds (JVM running for 15.415)
Hibernate: insert into posts (create_date, modified_date, author, content, title) values (?, ?, ?, ?, ?)
Hibernate: select posts0_.id as id1_0_, posts0_.create_date as create_d2_0_, posts0_.modified_date as modified3_0_, posts0_.author as author4_0_, posts0_.content as content5_0_, posts0_.title as title6_0_ from posts posts0_
Hibernate: select posts0_.id as id1_0_, posts0_.create_date as create_d2_0_, posts0_.modified_date as modified3_0_, posts0_.author as author4_0_, posts0_.content as content5_0_, posts0_.title as title6_0_ from posts posts0_
Hibernate: delete from posts where id=?
Hibernate: insert into posts (create_date, modified_date, author, content, title) values (?, ?, ?, ?, ?)
Hibernate: select posts0_.id as id1_0_, posts0_.create_date as create_d2_0_, posts0_.modified_date as modified3_0_, posts0_.author as author4_0_, posts0_.content as content5_0_, posts0_.title as title6_0_ from posts posts0_
>>>>>>>>>>>>> createDate = 2020-11-18T22:03:17.422, modifiedDate = )2020-11-18T22:03:17.422
Hibernate: select posts0_.id as id1_0_, posts0_.create_date as create_d2_0_, posts0_.modified_date as modified3_0_, posts0_.author as author4_0_, posts0_.content as content5_0_, posts0_.title as title6_0_ from posts posts0_
Hibernate: delete from posts where id=?
]]></system-out>
  <system-err><![CDATA[]]></system-err>
</testsuite>
