<?xml version="1.0" encoding="UTF-8"?>
<testsuite name="com.gicheol.book.springboot.web.HelloControllerTest" tests="2" skipped="0" failures="0" errors="0" timestamp="2020-11-23T11:13:12" hostname="Mac-mini.local" time="0.353">
  <properties/>
  <testcase name="helloDto_return" classname="com.gicheol.book.springboot.web.HelloControllerTest" time="0.338"/>
  <testcase name="hello_return" classname="com.gicheol.book.springboot.web.HelloControllerTest" time="0.014"/>
  <system-out><![CDATA[20:13:08.215 [Test worker] DEBUG org.springframework.test.context.junit4.SpringJUnit4ClassRunner - SpringJUnit4ClassRunner constructor called with [class com.gicheol.book.springboot.web.HelloControllerTest]
20:13:08.226 [Test worker] DEBUG org.springframework.test.context.BootstrapUtils - Instantiating CacheAwareContextLoaderDelegate from class [org.springframework.test.context.cache.DefaultCacheAwareContextLoaderDelegate]
20:13:08.236 [Test worker] DEBUG org.springframework.test.context.BootstrapUtils - Instantiating BootstrapContext using constructor [public org.springframework.test.context.support.DefaultBootstrapContext(java.lang.Class,org.springframework.test.context.CacheAwareContextLoaderDelegate)]
20:13:08.262 [Test worker] DEBUG org.springframework.test.context.BootstrapUtils - Instantiating TestContextBootstrapper for test class [com.gicheol.book.springboot.web.HelloControllerTest] from class [org.springframework.boot.test.autoconfigure.web.servlet.WebMvcTestContextBootstrapper]
20:13:08.286 [Test worker] INFO org.springframework.boot.test.autoconfigure.web.servlet.WebMvcTestContextBootstrapper - Neither @ContextConfiguration nor @ContextHierarchy found for test class [com.gicheol.book.springboot.web.HelloControllerTest], using SpringBootContextLoader
20:13:08.290 [Test worker] DEBUG org.springframework.test.context.support.AbstractContextLoader - Did not detect default resource location for test class [com.gicheol.book.springboot.web.HelloControllerTest]: class path resource [com/gicheol/book/springboot/web/HelloControllerTest-context.xml] does not exist
20:13:08.291 [Test worker] DEBUG org.springframework.test.context.support.AbstractContextLoader - Did not detect default resource location for test class [com.gicheol.book.springboot.web.HelloControllerTest]: class path resource [com/gicheol/book/springboot/web/HelloControllerTestContext.groovy] does not exist
20:13:08.291 [Test worker] INFO org.springframework.test.context.support.AbstractContextLoader - Could not detect default resource locations for test class [com.gicheol.book.springboot.web.HelloControllerTest]: no resource found for suffixes {-context.xml, Context.groovy}.
20:13:08.292 [Test worker] INFO org.springframework.test.context.support.AnnotationConfigContextLoaderUtils - Could not detect default configuration classes for test class [com.gicheol.book.springboot.web.HelloControllerTest]: HelloControllerTest does not declare any static, non-private, non-final, nested classes annotated with @Configuration.
20:13:08.375 [Test worker] DEBUG org.springframework.test.context.support.ActiveProfilesUtils - Could not find an 'annotation declaring class' for annotation type [org.springframework.test.context.ActiveProfiles] and class [com.gicheol.book.springboot.web.HelloControllerTest]
20:13:08.485 [Test worker] DEBUG org.springframework.context.annotation.ClassPathScanningCandidateComponentProvider - Identified candidate component class: file [/Users/ekkkk1/tools/AlgorithmDataStructure/commit/springboot_aws_webService/build/classes/java/main/com/gicheol/book/springboot/Application.class]
20:13:08.487 [Test worker] INFO org.springframework.boot.test.context.SpringBootTestContextBootstrapper - Found @SpringBootConfiguration com.gicheol.book.springboot.Application for test class com.gicheol.book.springboot.web.HelloControllerTest
20:13:08.490 [Test worker] DEBUG org.springframework.boot.test.autoconfigure.web.servlet.WebMvcTestContextBootstrapper - @TestExecutionListeners is not present for class [com.gicheol.book.springboot.web.HelloControllerTest]: using defaults.
20:13:08.491 [Test worker] INFO org.springframework.boot.test.autoconfigure.web.servlet.WebMvcTestContextBootstrapper - Loaded default TestExecutionListener class names from location [META-INF/spring.factories]: [org.springframework.security.test.context.support.WithSecurityContextTestExecutionListener, org.springframework.security.test.context.support.ReactorContextTestExecutionListener, org.springframework.boot.test.autoconfigure.restdocs.RestDocsTestExecutionListener, org.springframework.boot.test.autoconfigure.web.client.MockRestServiceServerResetTestExecutionListener, org.springframework.boot.test.autoconfigure.web.servlet.MockMvcPrintOnlyOnFailureTestExecutionListener, org.springframework.boot.test.autoconfigure.web.servlet.WebDriverTestExecutionListener, org.springframework.boot.test.mock.mockito.MockitoTestExecutionListener, org.springframework.boot.test.mock.mockito.ResetMocksTestExecutionListener, org.springframework.test.context.web.ServletTestExecutionListener, org.springframework.test.context.support.DirtiesContextBeforeModesTestExecutionListener, org.springframework.test.context.support.DependencyInjectionTestExecutionListener, org.springframework.test.context.support.DirtiesContextTestExecutionListener, org.springframework.test.context.transaction.TransactionalTestExecutionListener, org.springframework.test.context.jdbc.SqlScriptsTestExecutionListener]
20:13:08.514 [Test worker] INFO org.springframework.boot.test.autoconfigure.web.servlet.WebMvcTestContextBootstrapper - Using TestExecutionListeners: [org.springframework.test.context.web.ServletTestExecutionListener@4dc6cd41, org.springframework.test.context.support.DirtiesContextBeforeModesTestExecutionListener@6777dffb, org.springframework.boot.test.mock.mockito.MockitoTestExecutionListener@29724683, org.springframework.boot.test.autoconfigure.SpringBootDependencyInjectionTestExecutionListener@39ff3e45, org.springframework.test.context.support.DirtiesContextTestExecutionListener@42a850fe, org.springframework.test.context.transaction.TransactionalTestExecutionListener@1b79c757, org.springframework.test.context.jdbc.SqlScriptsTestExecutionListener@2004cce5, org.springframework.security.test.context.support.WithSecurityContextTestExecutionListener@60c9c3b6, org.springframework.security.test.context.support.ReactorContextTestExecutionListener@606640f1, org.springframework.boot.test.autoconfigure.restdocs.RestDocsTestExecutionListener@357060d5, org.springframework.boot.test.autoconfigure.web.client.MockRestServiceServerResetTestExecutionListener@3395f17a, org.springframework.boot.test.autoconfigure.web.servlet.MockMvcPrintOnlyOnFailureTestExecutionListener@1d6f50cd, org.springframework.boot.test.autoconfigure.web.servlet.WebDriverTestExecutionListener@4fdcfa59, org.springframework.boot.test.mock.mockito.ResetMocksTestExecutionListener@799c5dbf]
20:13:08.516 [Test worker] DEBUG org.springframework.test.annotation.ProfileValueUtils - Retrieved @ProfileValueSourceConfiguration [null] for test class [com.gicheol.book.springboot.web.HelloControllerTest]
20:13:08.517 [Test worker] DEBUG org.springframework.test.annotation.ProfileValueUtils - Retrieved ProfileValueSource type [class org.springframework.test.annotation.SystemProfileValueSource] for class [com.gicheol.book.springboot.web.HelloControllerTest]
20:13:08.517 [Test worker] DEBUG org.springframework.test.annotation.ProfileValueUtils - Retrieved @ProfileValueSourceConfiguration [null] for test class [com.gicheol.book.springboot.web.HelloControllerTest]
20:13:08.518 [Test worker] DEBUG org.springframework.test.annotation.ProfileValueUtils - Retrieved ProfileValueSource type [class org.springframework.test.annotation.SystemProfileValueSource] for class [com.gicheol.book.springboot.web.HelloControllerTest]
20:13:08.524 [Test worker] DEBUG org.springframework.test.context.support.AbstractDirtiesContextTestExecutionListener - Before test class: context [DefaultTestContext@7688772b testClass = HelloControllerTest, testInstance = [null], testMethod = [null], testException = [null], mergedContextConfiguration = [WebMergedContextConfiguration@2bb07832 testClass = HelloControllerTest, locations = '{}', classes = '{class com.gicheol.book.springboot.Application}', contextInitializerClasses = '[]', activeProfiles = '{}', propertySourceLocations = '{}', propertySourceProperties = '{org.springframework.boot.test.autoconfigure.web.servlet.WebMvcTestContextBootstrapper=true}', contextCustomizers = set[org.springframework.boot.test.autoconfigure.OverrideAutoConfigurationContextCustomizerFactory$DisableAutoConfigurationContextCustomizer@33929deb, org.springframework.boot.test.autoconfigure.filter.TypeExcludeFiltersContextCustomizer@98410acf, org.springframework.boot.test.autoconfigure.properties.PropertyMappingContextCustomizer@c3cc8327, org.springframework.boot.test.autoconfigure.web.servlet.WebDriverContextCustomizerFactory$Customizer@7cf38e3b, [ImportsContextCustomizer@576dc44f key = [org.springframework.boot.autoconfigure.cache.CacheAutoConfiguration, org.springframework.boot.autoconfigure.context.MessageSourceAutoConfiguration, org.springframework.boot.autoconfigure.data.web.SpringDataWebAutoConfiguration, org.springframework.boot.autoconfigure.freemarker.FreeMarkerAutoConfiguration, org.springframework.boot.autoconfigure.groovy.template.GroovyTemplateAutoConfiguration, org.springframework.boot.autoconfigure.gson.GsonAutoConfiguration, org.springframework.boot.autoconfigure.hateoas.HypermediaAutoConfiguration, org.springframework.boot.autoconfigure.http.HttpMessageConvertersAutoConfiguration, org.springframework.boot.autoconfigure.jackson.JacksonAutoConfiguration, org.springframework.boot.autoconfigure.jsonb.JsonbAutoConfiguration, org.springframework.boot.autoconfigure.mustache.MustacheAutoConfiguration, org.springframework.boot.autoconfigure.task.TaskExecutionAutoConfiguration, org.springframework.boot.autoconfigure.thymeleaf.ThymeleafAutoConfiguration, org.springframework.boot.autoconfigure.validation.ValidationAutoConfiguration, org.springframework.boot.autoconfigure.web.servlet.error.ErrorMvcAutoConfiguration, org.springframework.boot.autoconfigure.web.servlet.WebMvcAutoConfiguration, org.springframework.boot.test.autoconfigure.web.servlet.MockMvcAutoConfiguration, org.springframework.boot.test.autoconfigure.web.servlet.MockMvcSecurityAutoConfiguration, org.springframework.boot.test.autoconfigure.web.servlet.MockMvcWebClientAutoConfiguration, org.springframework.boot.test.autoconfigure.web.servlet.MockMvcWebDriverAutoConfiguration]], org.springframework.boot.test.context.filter.ExcludeFilterContextCustomizer@1ce5eead, org.springframework.boot.test.json.DuplicateJsonObjectContextCustomizerFactory$DuplicateJsonObjectContextCustomizer@7d3b34a, org.springframework.boot.test.mock.mockito.MockitoContextCustomizer@0], resourceBasePath = 'src/main/webapp', contextLoader = 'org.springframework.boot.test.context.SpringBootContextLoader', parent = [null]], attributes = map[[empty]]], class annotated with @DirtiesContext [false] with mode [null].
20:13:08.525 [Test worker] DEBUG org.springframework.test.annotation.ProfileValueUtils - Retrieved @ProfileValueSourceConfiguration [null] for test class [com.gicheol.book.springboot.web.HelloControllerTest]
20:13:08.525 [Test worker] DEBUG org.springframework.test.annotation.ProfileValueUtils - Retrieved ProfileValueSource type [class org.springframework.test.annotation.SystemProfileValueSource] for class [com.gicheol.book.springboot.web.HelloControllerTest]
20:13:08.532 [Test worker] DEBUG org.springframework.test.context.support.DependencyInjectionTestExecutionListener - Performing dependency injection for test context [[DefaultTestContext@7688772b testClass = HelloControllerTest, testInstance = com.gicheol.book.springboot.web.HelloControllerTest@62c2e3c3, testMethod = [null], testException = [null], mergedContextConfiguration = [WebMergedContextConfiguration@2bb07832 testClass = HelloControllerTest, locations = '{}', classes = '{class com.gicheol.book.springboot.Application}', contextInitializerClasses = '[]', activeProfiles = '{}', propertySourceLocations = '{}', propertySourceProperties = '{org.springframework.boot.test.autoconfigure.web.servlet.WebMvcTestContextBootstrapper=true}', contextCustomizers = set[org.springframework.boot.test.autoconfigure.OverrideAutoConfigurationContextCustomizerFactory$DisableAutoConfigurationContextCustomizer@33929deb, org.springframework.boot.test.autoconfigure.filter.TypeExcludeFiltersContextCustomizer@98410acf, org.springframework.boot.test.autoconfigure.properties.PropertyMappingContextCustomizer@c3cc8327, org.springframework.boot.test.autoconfigure.web.servlet.WebDriverContextCustomizerFactory$Customizer@7cf38e3b, [ImportsContextCustomizer@576dc44f key = [org.springframework.boot.autoconfigure.cache.CacheAutoConfiguration, org.springframework.boot.autoconfigure.context.MessageSourceAutoConfiguration, org.springframework.boot.autoconfigure.data.web.SpringDataWebAutoConfiguration, org.springframework.boot.autoconfigure.freemarker.FreeMarkerAutoConfiguration, org.springframework.boot.autoconfigure.groovy.template.GroovyTemplateAutoConfiguration, org.springframework.boot.autoconfigure.gson.GsonAutoConfiguration, org.springframework.boot.autoconfigure.hateoas.HypermediaAutoConfiguration, org.springframework.boot.autoconfigure.http.HttpMessageConvertersAutoConfiguration, org.springframework.boot.autoconfigure.jackson.JacksonAutoConfiguration, org.springframework.boot.autoconfigure.jsonb.JsonbAutoConfiguration, org.springframework.boot.autoconfigure.mustache.MustacheAutoConfiguration, org.springframework.boot.autoconfigure.task.TaskExecutionAutoConfiguration, org.springframework.boot.autoconfigure.thymeleaf.ThymeleafAutoConfiguration, org.springframework.boot.autoconfigure.validation.ValidationAutoConfiguration, org.springframework.boot.autoconfigure.web.servlet.error.ErrorMvcAutoConfiguration, org.springframework.boot.autoconfigure.web.servlet.WebMvcAutoConfiguration, org.springframework.boot.test.autoconfigure.web.servlet.MockMvcAutoConfiguration, org.springframework.boot.test.autoconfigure.web.servlet.MockMvcSecurityAutoConfiguration, org.springframework.boot.test.autoconfigure.web.servlet.MockMvcWebClientAutoConfiguration, org.springframework.boot.test.autoconfigure.web.servlet.MockMvcWebDriverAutoConfiguration]], org.springframework.boot.test.context.filter.ExcludeFilterContextCustomizer@1ce5eead, org.springframework.boot.test.json.DuplicateJsonObjectContextCustomizerFactory$DuplicateJsonObjectContextCustomizer@7d3b34a, org.springframework.boot.test.mock.mockito.MockitoContextCustomizer@0], resourceBasePath = 'src/main/webapp', contextLoader = 'org.springframework.boot.test.context.SpringBootContextLoader', parent = [null]], attributes = map[[empty]]]].
20:13:08.664 [Test worker] DEBUG org.springframework.test.context.support.TestPropertySourceUtils - Adding inlined properties to environment: {spring.jmx.enabled=false, org.springframework.boot.test.autoconfigure.web.servlet.WebMvcTestContextBootstrapper=true, server.port=-1}

  .   ____          _            __ _ _
 /\\ / ___'_ __ _ _(_)_ __  __ _ \ \ \ \
( ( )\___ | '_ | '_| | '_ \/ _` | \ \ \ \
 \\/  ___)| |_)| | | | | || (_| |  ) ) ) )
  '  |____| .__|_| |_|_| |_\__, | / / / /
 =========|_|==============|___/=/_/_/_/
 :: Spring Boot ::        (v2.1.7.RELEASE)

2020-11-23 20:13:09.270  INFO 1496 --- [    Test worker] c.g.b.s.web.HelloControllerTest          : Starting HelloControllerTest on Mac-mini.local with PID 1496 (started by ekkkk1 in /Users/ekkkk1/tools/AlgorithmDataStructure/commit/springboot_aws_webService)
2020-11-23 20:13:09.277  INFO 1496 --- [    Test worker] c.g.b.s.web.HelloControllerTest          : No active profile set, falling back to default profiles: default
2020-11-23 20:13:11.094  INFO 1496 --- [    Test worker] o.s.s.concurrent.ThreadPoolTaskExecutor  : Initializing ExecutorService 'applicationTaskExecutor'
2020-11-23 20:13:11.208  INFO 1496 --- [    Test worker] o.s.b.a.w.s.WelcomePageHandlerMapping    : Adding welcome page template: index
2020-11-23 20:13:11.686  INFO 1496 --- [    Test worker] .s.s.UserDetailsServiceAutoConfiguration : 

Using generated security password: 4bc3be04-5951-4c5b-b17d-f4615ce4ff74

2020-11-23 20:13:11.926  INFO 1496 --- [    Test worker] o.s.s.web.DefaultSecurityFilterChain     : Creating filter chain: any request, [org.springframework.security.web.context.request.async.WebAsyncManagerIntegrationFilter@d178fba, org.springframework.security.web.context.SecurityContextPersistenceFilter@a53ffdc, org.springframework.security.web.header.HeaderWriterFilter@3c235524, org.springframework.security.web.csrf.CsrfFilter@5a106ef1, org.springframework.security.web.authentication.logout.LogoutFilter@1fb371da, org.springframework.security.web.authentication.UsernamePasswordAuthenticationFilter@14f0956, org.springframework.security.web.authentication.ui.DefaultLoginPageGeneratingFilter@592569de, org.springframework.security.web.authentication.ui.DefaultLogoutPageGeneratingFilter@30cccf3e, org.springframework.security.web.authentication.www.BasicAuthenticationFilter@6fe7def5, org.springframework.security.web.savedrequest.RequestCacheAwareFilter@36eac03b, org.springframework.security.web.servletapi.SecurityContextHolderAwareRequestFilter@463914, org.springframework.security.web.authentication.AnonymousAuthenticationFilter@236bfe57, org.springframework.security.web.session.SessionManagementFilter@451f64f3, org.springframework.security.web.access.ExceptionTranslationFilter@1cd4bd26, org.springframework.security.web.access.intercept.FilterSecurityInterceptor@58d41cf5]
2020-11-23 20:13:11.979  INFO 1496 --- [    Test worker] o.s.b.t.m.w.SpringBootMockServletContext : Initializing Spring TestDispatcherServlet ''
2020-11-23 20:13:11.980  INFO 1496 --- [    Test worker] o.s.t.web.servlet.TestDispatcherServlet  : Initializing Servlet ''
2020-11-23 20:13:11.995  INFO 1496 --- [    Test worker] o.s.t.web.servlet.TestDispatcherServlet  : Completed initialization in 15 ms
2020-11-23 20:13:12.057  INFO 1496 --- [    Test worker] c.g.b.s.web.HelloControllerTest          : Started HelloControllerTest in 3.381 seconds (JVM running for 4.853)
]]></system-out>
  <system-err><![CDATA[]]></system-err>
</testsuite>
