<?xml version="1.0" encoding="UTF-8"?>
<testsuite name="com.gicheol.book.springboot.web.dto.HelloResponseDtoTest" tests="1" skipped="0" failures="0" errors="0" timestamp="2020-11-23T11:13:08" hostname="Mac-mini.local" time="0.068">
  <properties/>
  <testcase name="lombokTest" classname="com.gicheol.book.springboot.web.dto.HelloResponseDtoTest" time="0.068"/>
  <system-out><![CDATA[]]></system-out>
  <system-err><![CDATA[]]></system-err>
</testsuite>
